<?xml version="1.0" encoding="UTF-8"?>
<!-- Generated by org.testng.reporters.JUnitReportReporter -->
<testsuite skipped="0" hostname="DESKTOP-IN91SO8" name="MavenDemo.DriverInfo" tests="1" failures="0" timestamp="18 Jul 2019 07:09:08 GMT" time="0.022" errors="0">
  <testcase name="initilize" time="0.022" classname="MavenDemo.DriverInfo"/>
</testsuite> <!-- MavenDemo.DriverInfo -->
