<?xml version="1.0" encoding="UTF-8"?>
<!-- Generated by org.testng.reporters.JUnitReportReporter -->
<testsuite skipped="0" hostname="DESKTOP-IN91SO8" name="Facebook.LoginTest" tests="1" failures="0" timestamp="18 Jul 2019 10:47:52 GMT" time="6.986" errors="0">
  <testcase name="login" time="6.986" classname="Facebook.LoginTest"/>
</testsuite> <!-- Facebook.LoginTest -->
