<?xml version="1.0" encoding="UTF-8"?>
<!-- Generated by org.testng.reporters.JUnitReportReporter -->
<testsuite skipped="0" hostname="DESKTOP-IN91SO8" name="MavenDemo.LoginTest" tests="1" failures="0" timestamp="18 Jul 2019 10:15:54 GMT" time="17.809" errors="0">
  <testcase name="login" time="17.809" classname="MavenDemo.LoginTest"/>
</testsuite> <!-- MavenDemo.LoginTest -->
