<?xml version="1.0" encoding="UTF-8"?>
<!-- Generated by org.testng.reporters.JUnitReportReporter -->
<testsuite skipped="0" hostname="DESKTOP-IN91SO8" name="Facebook.xyz" tests="2" failures="0" timestamp="24 Jul 2019 05:43:36 GMT" time="18.062" errors="0">
  <testcase name="test" time="0.391" classname="Facebook.xyz"/>
  <testcase name="initilize" time="17.671" classname="Facebook.xyz"/>
</testsuite> <!-- Facebook.xyz -->
