<?xml version="1.0" encoding="UTF-8"?>
<!-- Generated by org.testng.reporters.JUnitReportReporter -->
<testsuite skipped="0" hostname="DESKTOP-IN91SO8" name="Facebook.SignUp" tests="2" failures="0" timestamp="21 Jul 2019 15:11:50 GMT" time="4.368" errors="0">
  <testcase name="readExcel" time="1.796" classname="Facebook.SignUp"/>
  <testcase name="signupfb" time="2.572" classname="Facebook.SignUp"/>
</testsuite> <!-- Facebook.SignUp -->
