<?xml version="1.0" encoding="UTF-8"?>
<!-- Generated by org.testng.reporters.JUnitReportReporter -->
<testsuite skipped="0" hostname="DESKTOP-IN91SO8" name="ReportGeneration.ReportDemo" tests="1" failures="0" timestamp="18 Jul 2019 14:59:06 GMT" time="28.332" errors="0">
  <testcase name="initilize" time="28.332" classname="ReportGeneration.ReportDemo"/>
</testsuite> <!-- ReportGeneration.ReportDemo -->
