<?xml version="1.0" encoding="UTF-8"?>
<!-- Generated by org.testng.reporters.JUnitReportReporter -->
<testsuite skipped="0" hostname="DESKTOP-IN91SO8" name="Btes.LoginBtes" tests="4" failures="0" timestamp="24 Jul 2019 09:19:52 GMT" time="53.472" errors="0">
  <testcase name="login" time="23.393" classname="Btes.LoginBtes"/>
  <testcase name="links" time="10.974" classname="Btes.LoginBtes"/>
  <testcase name="readExcel" time="0.676" classname="Btes.LoginBtes"/>
  <testcase name="addTobatch" time="18.429" classname="Btes.LoginBtes"/>
</testsuite> <!-- Btes.LoginBtes -->
