<?xml version="1.0" encoding="UTF-8"?>
<!-- Generated by org.testng.reporters.JUnitReportReporter -->
<testsuite skipped="0" hostname="DESKTOP-IN91SO8" name="Facebook.test" tests="1" failures="0" timestamp="23 Jul 2019 07:00:12 GMT" time="1.311" errors="0">
  <testcase name="multiple" time="1.311" classname="Facebook.test"/>
</testsuite> <!-- Facebook.test -->
