<?xml version="1.0" encoding="UTF-8"?>
<!-- Generated by org.testng.reporters.JUnitReportReporter -->
<testsuite skipped="0" hostname="DESKTOP-IN91SO8" name="Facebook.Calender" tests="1" failures="0" timestamp="24 Jul 2019 05:17:01 GMT" time="36.262" errors="0">
  <testcase name="initilize" time="36.262" classname="Facebook.Calender"/>
</testsuite> <!-- Facebook.Calender -->
