<?xml version="1.0" encoding="UTF-8"?>
<!-- Generated by org.testng.reporters.JUnitReportReporter -->
<testsuite skipped="0" hostname="DESKTOP-IN91SO8" name="Strings.substring" tests="3" failures="0" timestamp="20 Jul 2019 05:00:12 GMT" time="0.024" errors="0">
  <testcase name="test2" time="0.000" classname="Strings.substring"/>
  <testcase name="test3" time="0.004" classname="Strings.substring"/>
  <testcase name="test1" time="0.020" classname="Strings.substring"/>
</testsuite> <!-- Strings.substring -->
