<?xml version="1.0" encoding="UTF-8"?>
<!-- Generated by org.testng.reporters.JUnitReportReporter -->
<testsuite skipped="0" hostname="DESKTOP-IN91SO8" name="OrangeHRMlive.LoginTest" tests="1" failures="0" timestamp="21 Jul 2019 09:06:56 GMT" time="12.620" errors="0">
  <testcase name="login" time="12.620" classname="OrangeHRMlive.LoginTest"/>
</testsuite> <!-- OrangeHRMlive.LoginTest -->
