<?xml version="1.0" encoding="UTF-8"?>
<!-- Generated by org.testng.reporters.JUnitReportReporter -->
<testsuite skipped="0" hostname="DESKTOP-IN91SO8" name="Facebook.abc" tests="1" failures="0" timestamp="24 Jul 2019 04:47:54 GMT" time="0.349" errors="0">
  <testcase name="test" time="0.349" classname="Facebook.abc"/>
</testsuite> <!-- Facebook.abc -->
