<?xml version="1.0" encoding="UTF-8"?>
<!-- Generated by org.testng.reporters.JUnitReportReporter -->
<testsuite skipped="0" hostname="DESKTOP-IN91SO8" name="Facebook.datefromexcel" tests="1" failures="0" timestamp="24 Jul 2019 05:50:31 GMT" time="0.885" errors="0">
  <testcase name="readExcel" time="0.885" classname="Facebook.datefromexcel"/>
</testsuite> <!-- Facebook.datefromexcel -->
