<?xml version="1.0" encoding="UTF-8"?>
<!-- Generated by org.testng.reporters.JUnitReportReporter -->
<testsuite skipped="0" hostname="DESKTOP-IN91SO8" name="Facebook.MultipleSignup" tests="2" failures="0" timestamp="23 Jul 2019 09:48:49 GMT" time="3.973" errors="0">
  <testcase name="multiple" time="1.751" classname="Facebook.MultipleSignup"/>
  <testcase name="data" time="2.222" classname="Facebook.MultipleSignup"/>
</testsuite> <!-- Facebook.MultipleSignup -->
