<?xml version="1.0" encoding="UTF-8"?>
<!-- Generated by org.testng.reporters.JUnitReportReporter -->
<testsuite skipped="0" hostname="DESKTOP-IN91SO8" name="demo.testapp" tests="2" failures="0" timestamp="17 Jul 2019 08:19:01 GMT" time="0.020" errors="0">
  <testcase name="sub" time="0.000" classname="demo.testapp"/>
  <testcase name="add" time="0.020" classname="demo.testapp"/>
</testsuite> <!-- demo.testapp -->
